<?xml version="1.0" encoding="UTF-8"?>
<!-- Generated by org.testng.reporters.JUnitReportReporter -->
<testsuite hostname="rdsh11" name="beneficiary.beneficiaryInformationSheet" tests="9" failures="0" timestamp="6 Jul 2018 14:29:49 GMT" time="248.654" errors="0">
  <testcase name="createAddress" time="30.053" classname="beneficiary.beneficiaryInformationSheet"/>
  <testcase name="createPersonalInformation" time="26.590" classname="beneficiary.beneficiaryInformationSheet"/>
  <testcase name="createExperience" time="23.690" classname="beneficiary.beneficiaryInformationSheet"/>
  <testcase name="createOrganization" time="31.168" classname="beneficiary.beneficiaryInformationSheet"/>
  <testcase name="createPassport1" time="25.278" classname="beneficiary.beneficiaryInformationSheet"/>
  <testcase name="createWorkVisa" time="32.959" classname="beneficiary.beneficiaryInformationSheet"/>
  <testcase name="createQualification" time="23.131" classname="beneficiary.beneficiaryInformationSheet"/>
  <testcase name="createTravel" time="28.856" classname="beneficiary.beneficiaryInformationSheet"/>
  <testcase name="createImmigration" time="26.929" classname="beneficiary.beneficiaryInformationSheet"/>
</testsuite> <!-- beneficiary.beneficiaryInformationSheet -->
