<?xml version="1.0" encoding="UTF-8"?>
<!-- Generated by org.testng.reporters.JUnitReportReporter -->
<testsuite hostname="DEVWIN705" name="beneficiary.beneficiaryOperations" tests="1" failures="0" timestamp="8 Mar 2017 13:50:59 GMT" time="38.259" errors="0">
  <testcase name="applyForVisa" time="38.259" classname="beneficiary.beneficiaryOperations"/>
</testsuite> <!-- beneficiary.beneficiaryOperations -->
