<?xml version="1.0" encoding="UTF-8"?>
<!-- Generated by org.testng.reporters.JUnitReportReporter -->
<testsuite hostname="DEVWIN705" name="screening.screeningOperations" tests="3" failures="0" timestamp="4 Mar 2017 13:09:28 GMT" time="52.585" errors="0">
  <testcase name="verifyQuestionnaire" time="18.274" classname="screening.screeningOperations"/>
  <testcase name="caseVerification" time="16.941" classname="screening.screeningOperations"/>
  <testcase name="verifyDocuments" time="17.370" classname="screening.screeningOperations"/>
</testsuite> <!-- screening.screeningOperations -->
