<?xml version="1.0" encoding="UTF-8"?>
<!-- Generated by org.testng.reporters.JUnitReportReporter -->
<testsuite hostname="DEVWIN705" name="admin.UserManagement" tests="1" failures="0" timestamp="7 Feb 2017 14:24:42 GMT" time="14.053" errors="0">
  <testcase name="createVendor" time="14.053" classname="admin.UserManagement"/>
</testsuite> <!-- admin.UserManagement -->
