<?xml version="1.0" encoding="UTF-8"?>
<!-- Generated by org.testng.reporters.JUnitReportReporter -->
<testsuite hostname="rdsh11" name="superadmin.SuperAdminModule" tests="9" failures="0" timestamp="2 Jul 2018 12:19:42 GMT" time="268.794" errors="0">
  <testcase name="createEmbassyMaster" time="40.342" classname="superadmin.SuperAdminModule"/>
  <testcase name="serviceMapping" time="28.597" classname="superadmin.SuperAdminModule"/>
  <testcase name="createMasterUnit" time="19.504" classname="superadmin.SuperAdminModule"/>
  <testcase name="createKnowledgeBase" time="28.077" classname="superadmin.SuperAdminModule"/>
  <testcase name="createMasterType" time="23.151" classname="superadmin.SuperAdminModule"/>
  <testcase name="createMasterMileStoneField" time="21.156" classname="superadmin.SuperAdminModule"/>
  <testcase name="createLicense" time="46.974" classname="superadmin.SuperAdminModule"/>
  <testcase name="createMasterService" time="20.432" classname="superadmin.SuperAdminModule"/>
  <testcase name="createLicense" time="40.561" classname="superadmin.SuperAdminModule"/>
</testsuite> <!-- superadmin.SuperAdminModule -->
