<?xml version="1.0" encoding="UTF-8"?>
<!-- Generated by org.testng.reporters.JUnitReportReporter -->
<testsuite hostname="DEVWIN705" name="manager.managerOperations" tests="1" failures="0" timestamp="4 Mar 2017 10:35:16 GMT" time="14.421" errors="0">
  <testcase name="approveVisa" time="14.421" classname="manager.managerOperations"/>
</testsuite> <!-- manager.managerOperations -->
