<?xml version="1.0" encoding="UTF-8"?>
<!-- Generated by org.testng.reporters.JUnitReportReporter -->
<testsuite hostname="rdsh11" name="admin.SystemSettings" tests="5" failures="0" timestamp="5 Jul 2018 10:21:17 GMT" time="108.091" errors="0">
  <testcase name="addImmigrationRole" time="21.465" classname="admin.SystemSettings"/>
  <testcase name="addMasterLegalForm" time="26.731" classname="admin.SystemSettings"/>
  <testcase name="addAssignmentRole" time="21.760" classname="admin.SystemSettings"/>
  <testcase name="addImmigrationRole" time="19.034" classname="admin.SystemSettings"/>
  <testcase name="addAssignmentRole" time="19.101" classname="admin.SystemSettings"/>
</testsuite> <!-- admin.SystemSettings -->
