<?xml version="1.0" encoding="UTF-8"?>
<!-- Generated by org.testng.reporters.JUnitReportReporter -->
<testsuite hostname="DEVWIN705" name="testCase" tests="1" failures="0" timestamp="24 Aug 2016 11:31:58 GMT" time="9.503" errors="0">
  <testcase name="invokeBrowser" time="9.503" classname="testCase"/>
</testsuite> <!-- testCase -->
