<?xml version="1.0" encoding="UTF-8"?>
<!-- Generated by org.testng.reporters.JUnitReportReporter -->
<testsuite hostname="rdsh11" name="admin.Configuration" tests="4" failures="0" timestamp="5 Jul 2018 10:21:17 GMT" time="113.007" errors="0">
  <testcase name="countryImmigrationRole" time="32.725" classname="admin.Configuration"/>
  <testcase name="countryAssignmentRole" time="25.141" classname="admin.Configuration"/>
  <testcase name="countryTypeForm" time="29.880" classname="admin.Configuration"/>
  <testcase name="assignmentImmigrationRoleMapping" time="25.261" classname="admin.Configuration"/>
</testsuite> <!-- admin.Configuration -->
