<?xml version="1.0" encoding="UTF-8"?>
<!-- Generated by org.testng.reporters.JUnitReportReporter -->
<testsuite hostname="DEVWIN705" name="processing.processingOperations" tests="1" failures="0" timestamp="4 Mar 2017 13:30:27 GMT" time="23.771" errors="0">
  <testcase name="caseVerification" time="23.771" classname="processing.processingOperations"/>
</testsuite> <!-- processing.processingOperations -->
